<?xml version="1.0" encoding="UTF-8"?>
<!-- Generated by org.testng.reporters.JUnitReportReporter -->
<testsuite skipped="0" hostname="ind495" name="Indianic.LoginTest" tests="1" failures="0" timestamp="09 Mar 2018 14:10:09 GMT" time="26.121" errors="0">
  <testcase name="Logintest" time="26.121" classname="Indianic.LoginTest"/>
</testsuite> <!-- Indianic.LoginTest -->
